#
# There is insufficient memory for the Java Runtime Environment to continue.
# Native memory allocation (malloc) failed to allocate 32744 bytes. Error detail: Chunk::new
# Possible reasons:
#   The system is out of physical RAM or swap space
#   This process is running with CompressedOops enabled, and the Java Heap may be blocking the growth of the native heap
# Possible solutions:
#   Reduce memory load on the system
#   Increase physical memory or swap space
#   Check if swap backing store is full
#   Decrease Java heap size (-Xmx/-Xms)
#   Decrease number of Java threads
#   Decrease Java thread stack sizes (-Xss)
#   Set larger code cache with -XX:ReservedCodeCacheSize=
#   JVM is running with Unscaled Compressed Oops mode in which the Java heap is
#     placed in the first 4GB address space. The Java Heap base address is the
#     maximum limit for the native heap growth. Please use -XX:HeapBaseMinAddress
#     to set the Java Heap base and to place the Java Heap above 4GB virtual address.
# This output file may be truncated or incomplete.
#
#  Out of Memory Error (arena.cpp:168), pid=680, tid=25760
#
# JRE version: OpenJDK Runtime Environment Temurin-21.0.8+9 (21.0.8+9) (build 21.0.8+9-LTS)
# Java VM: OpenJDK 64-Bit Server VM Temurin-21.0.8+9 (21.0.8+9-LTS, mixed mode, sharing, tiered, compressed oops, compressed class ptrs, parallel gc, windows-amd64)
# No core dump will be written. Minidumps are not enabled by default on client versions of Windows
#

---------------  S U M M A R Y ------------

Command Line: --add-modules=ALL-SYSTEM --add-opens=java.base/java.util=ALL-UNNAMED --add-opens=java.base/java.lang=ALL-UNNAMED --add-opens=java.base/sun.nio.fs=ALL-UNNAMED -Declipse.application=org.eclipse.jdt.ls.core.id1 -Dosgi.bundles.defaultStartLevel=4 -Declipse.product=org.eclipse.jdt.ls.core.product -Djava.import.generatesMetadataFilesAtProjectRoot=false -DDetectVMInstallationsJob.disabled=true -Dfile.encoding=utf8 -XX:+UseParallelGC -XX:GCTimeRatio=4 -XX:AdaptiveSizePolicyWeight=90 -Dsun.zip.disableMemoryMapping=true -Xmx2G -Xms100m -Xlog:disable -javaagent:c:\Users\works\.vscode\extensions\redhat.java-1.46.0-win32-x64\lombok\lombok-1.18.39-4050.jar -XX:+HeapDumpOnOutOfMemoryError -XX:HeapDumpPath=c:\Users\works\AppData\Roaming\Code\User\workspaceStorage\42e64b8552997c8d90077eb3607cdf24\redhat.java -Daether.dependencyCollector.impl=bf c:\Users\works\.vscode\extensions\redhat.java-1.46.0-win32-x64\server\plugins\org.eclipse.equinox.launcher_1.7.0.v20250519-0528.jar -configuration c:\Users\works\AppData\Roaming\Code\User\globalStorage\redhat.java\1.46.0\config_win -data c:\Users\works\AppData\Roaming\Code\User\workspaceStorage\42e64b8552997c8d90077eb3607cdf24\redhat.java\jdt_ws --pipe=\\.\pipe\lsp-c525e01907a370b422fea317684c4f30-sock

Host: 13th Gen Intel(R) Core(TM) i5-1335U, 12 cores, 15G,  Windows 11 , 64 bit Build 26100 (10.0.26100.5074)
Time: Mon Oct 20 20:55:13 2025 SE Asia Standard Time elapsed time: 1814.868568 seconds (0d 0h 30m 14s)

---------------  T H R E A D  ---------------

Current thread (0x000001cf8c355300):  JavaThread "C2 CompilerThread2" daemon [_thread_in_native, id=25760, stack(0x0000002632b00000,0x0000002632c00000) (1024K)]


Current CompileTask:
C2:1814868 14439       4       java.lang.reflect.AccessibleObject::checkAccess (40 bytes)

Stack: [0x0000002632b00000,0x0000002632c00000]
Native frames: (J=compiled Java code, j=interpreted, Vv=VM code, C=native code)
V  [jvm.dll+0x6d2449]
V  [jvm.dll+0x8ae341]
V  [jvm.dll+0x8b08be]
V  [jvm.dll+0x8b0fa3]
V  [jvm.dll+0x280c96]
V  [jvm.dll+0xc581d]
V  [jvm.dll+0xc5d53]
V  [jvm.dll+0x2f5409]
V  [jvm.dll+0x5fa00a]
V  [jvm.dll+0x252092]
V  [jvm.dll+0x25244f]
V  [jvm.dll+0x24ad14]
V  [jvm.dll+0x2483a4]
V  [jvm.dll+0x1c89ee]
V  [jvm.dll+0x257d4d]
V  [jvm.dll+0x2562ea]
V  [jvm.dll+0x3f2d16]
V  [jvm.dll+0x857e6b]
V  [jvm.dll+0x6d0b0d]
C  [ucrtbase.dll+0x37b0]
C  [KERNEL32.DLL+0x2e8d7]
C  [ntdll.dll+0x8d9c]


---------------  P R O C E S S  ---------------

Threads class SMR info:
_java_thread_list=0x000001cf8c4327f0, length=50, elements={
0x000001cf2e0cd080, 0x000001cf2e174380, 0x000001cf2e07bc40, 0x000001cf2e17f060,
0x000001cf2e180390, 0x000001cf2e182af0, 0x000001cf2e180a20, 0x000001cf86e041a0,
0x000001cf86e0d590, 0x000001cf2e183180, 0x000001cf2e181dd0, 0x000001cf2e17fd00,
0x000001cf2e182460, 0x000001cf2e181740, 0x000001cf8c8c7f80, 0x000001cf8c8c8ca0,
0x000001cf8c8c5820, 0x000001cf8c8c7260, 0x000001cf8c8c78f0, 0x000001cf8c8c99c0,
0x000001cf8c8c8610, 0x000001cf8c8c9330, 0x000001cf8c8cad70, 0x000001cf8c8cba90,
0x000001cf8c8cc7b0, 0x000001cf8c8cb400, 0x000001cf8c8ca050, 0x000001cf8c8cce40,
0x000001cf8c8ca6e0, 0x000001cf8c8cc120, 0x000001cf8f1dd3d0, 0x000001cf8f1da5e0,
0x000001cf8f1dac70, 0x000001cf8f1dcd40, 0x000001cf8f1dda60, 0x000001cf8f1de0f0,
0x000001cf8f1dc020, 0x000001cf8f1dc6b0, 0x000001cf8f1db300, 0x000001cf8f1db990,
0x000001cf8f1dee10, 0x000001cf8f1e0850, 0x000001cf8f1e1570, 0x000001cf8f1df4a0,
0x000001cf8f1e1c00, 0x000001cf8f1e01c0, 0x000001cf8ea0a410, 0x000001cf8ea0b7c0,
0x000001cf8c44fe10, 0x000001cf8c355300
}

Java Threads: ( => current thread )
  0x000001cf2e0cd080 JavaThread "main"                              [_thread_blocked, id=32480, stack(0x0000002632d00000,0x0000002632e00000) (1024K)]
  0x000001cf2e174380 JavaThread "Reference Handler"          daemon [_thread_blocked, id=51464, stack(0x0000002633100000,0x0000002633200000) (1024K)]
  0x000001cf2e07bc40 JavaThread "Finalizer"                  daemon [_thread_blocked, id=59056, stack(0x0000002633200000,0x0000002633300000) (1024K)]
  0x000001cf2e17f060 JavaThread "Signal Dispatcher"          daemon [_thread_blocked, id=38784, stack(0x0000002633300000,0x0000002633400000) (1024K)]
  0x000001cf2e180390 JavaThread "Attach Listener"            daemon [_thread_blocked, id=38256, stack(0x0000002633400000,0x0000002633500000) (1024K)]
  0x000001cf2e182af0 JavaThread "Service Thread"             daemon [_thread_blocked, id=53604, stack(0x0000002633500000,0x0000002633600000) (1024K)]
  0x000001cf2e180a20 JavaThread "Monitor Deflation Thread"   daemon [_thread_blocked, id=8076, stack(0x0000002633600000,0x0000002633700000) (1024K)]
  0x000001cf86e041a0 JavaThread "C2 CompilerThread0"         daemon [_thread_in_native, id=48320, stack(0x0000002633700000,0x0000002633800000) (1024K)]
  0x000001cf86e0d590 JavaThread "C1 CompilerThread0"         daemon [_thread_blocked, id=20448, stack(0x0000002633800000,0x0000002633900000) (1024K)]
  0x000001cf2e183180 JavaThread "Common-Cleaner"             daemon [_thread_blocked, id=12248, stack(0x0000002633900000,0x0000002633a00000) (1024K)]
  0x000001cf2e181dd0 JavaThread "Notification Thread"        daemon [_thread_blocked, id=3244, stack(0x0000002633b00000,0x0000002633c00000) (1024K)]
  0x000001cf2e17fd00 JavaThread "Active Thread: Equinox Container: 42e5185c-d54f-4d66-ab20-f2cd2f67dd9f"        [_thread_blocked, id=47184, stack(0x0000002634300000,0x0000002634400000) (1024K)]
  0x000001cf2e182460 JavaThread "Refresh Thread: Equinox Container: 42e5185c-d54f-4d66-ab20-f2cd2f67dd9f" daemon [_thread_blocked, id=60260, stack(0x0000002634400000,0x0000002634500000) (1024K)]
  0x000001cf2e181740 JavaThread "Framework Event Dispatcher: Equinox Container: 42e5185c-d54f-4d66-ab20-f2cd2f67dd9f" daemon [_thread_blocked, id=15988, stack(0x0000002634600000,0x0000002634700000) (1024K)]
  0x000001cf8c8c7f80 JavaThread "Start Level: Equinox Container: 42e5185c-d54f-4d66-ab20-f2cd2f67dd9f" daemon [_thread_blocked, id=15720, stack(0x0000002634700000,0x0000002634800000) (1024K)]
  0x000001cf8c8c8ca0 JavaThread "Bundle File Closer"         daemon [_thread_blocked, id=47408, stack(0x0000002634a00000,0x0000002634b00000) (1024K)]
  0x000001cf8c8c5820 JavaThread "SCR Component Actor"        daemon [_thread_blocked, id=49488, stack(0x0000002633a00000,0x0000002633b00000) (1024K)]
  0x000001cf8c8c7260 JavaThread "Worker-JM"                         [_thread_blocked, id=13888, stack(0x0000002634c00000,0x0000002634d00000) (1024K)]
  0x000001cf8c8c78f0 JavaThread "JNA Cleaner"                daemon [_thread_blocked, id=11876, stack(0x0000002634b00000,0x0000002634c00000) (1024K)]
  0x000001cf8c8c99c0 JavaThread "Worker-0"                          [_thread_blocked, id=7888, stack(0x0000002634d00000,0x0000002634e00000) (1024K)]
  0x000001cf8c8c8610 JavaThread "Worker-1"                          [_thread_blocked, id=46892, stack(0x0000002634e00000,0x0000002634f00000) (1024K)]
  0x000001cf8c8c9330 JavaThread "Java indexing"              daemon [_thread_blocked, id=3432, stack(0x0000002635000000,0x0000002635100000) (1024K)]
  0x000001cf8c8cad70 JavaThread "Thread-1"                   daemon [_thread_in_native, id=36700, stack(0x0000002635500000,0x0000002635600000) (1024K)]
  0x000001cf8c8cba90 JavaThread "Thread-2"                   daemon [_thread_in_native, id=51260, stack(0x0000002635600000,0x0000002635700000) (1024K)]
  0x000001cf8c8cc7b0 JavaThread "Thread-3"                   daemon [_thread_in_native, id=13688, stack(0x0000002635700000,0x0000002635800000) (1024K)]
  0x000001cf8c8cb400 JavaThread "Thread-4"                   daemon [_thread_in_native, id=56968, stack(0x0000002635800000,0x0000002635900000) (1024K)]
  0x000001cf8c8ca050 JavaThread "Thread-5"                   daemon [_thread_in_native, id=36556, stack(0x0000002635900000,0x0000002635a00000) (1024K)]
  0x000001cf8c8cce40 JavaThread "Thread-6"                   daemon [_thread_in_native, id=34652, stack(0x0000002635a00000,0x0000002635b00000) (1024K)]
  0x000001cf8c8ca6e0 JavaThread "Thread-7"                   daemon [_thread_in_native, id=14912, stack(0x0000002635b00000,0x0000002635c00000) (1024K)]
  0x000001cf8c8cc120 JavaThread "Thread-8"                   daemon [_thread_in_native, id=31152, stack(0x0000002635c00000,0x0000002635d00000) (1024K)]
  0x000001cf8f1dd3d0 JavaThread "Thread-9"                   daemon [_thread_in_native, id=43584, stack(0x0000002635d00000,0x0000002635e00000) (1024K)]
  0x000001cf8f1da5e0 JavaThread "Thread-10"                  daemon [_thread_in_native, id=51508, stack(0x0000002635e00000,0x0000002635f00000) (1024K)]
  0x000001cf8f1dac70 JavaThread "Thread-11"                  daemon [_thread_in_native, id=2004, stack(0x0000002635f00000,0x0000002636000000) (1024K)]
  0x000001cf8f1dcd40 JavaThread "Thread-12"                  daemon [_thread_in_native, id=21052, stack(0x0000002636000000,0x0000002636100000) (1024K)]
  0x000001cf8f1dda60 JavaThread "Thread-13"                  daemon [_thread_in_native, id=17152, stack(0x0000002636100000,0x0000002636200000) (1024K)]
  0x000001cf8f1de0f0 JavaThread "pool-2-thread-1"                   [_thread_blocked, id=11040, stack(0x0000002636200000,0x0000002636300000) (1024K)]
  0x000001cf8f1dc020 JavaThread "WorkspaceEventsHandler"            [_thread_blocked, id=44712, stack(0x0000002636300000,0x0000002636400000) (1024K)]
  0x000001cf8f1dc6b0 JavaThread "pool-1-thread-1"                   [_thread_blocked, id=25972, stack(0x0000002636400000,0x0000002636500000) (1024K)]
  0x000001cf8f1db300 JavaThread "ForkJoinPool.commonPool-worker-12" daemon [_thread_blocked, id=4304, stack(0x0000002632c00000,0x0000002632d00000) (1024K)]
  0x000001cf8f1db990 JavaThread "ForkJoinPool.commonPool-worker-13" daemon [_thread_blocked, id=32028, stack(0x0000002633c00000,0x0000002633d00000) (1024K)]
  0x000001cf8f1dee10 JavaThread "ForkJoinPool.commonPool-worker-14" daemon [_thread_blocked, id=20348, stack(0x0000002634f00000,0x0000002635000000) (1024K)]
  0x000001cf8f1e0850 JavaThread "ForkJoinPool.commonPool-worker-15" daemon [_thread_blocked, id=48096, stack(0x0000002635100000,0x0000002635200000) (1024K)]
  0x000001cf8f1e1570 JavaThread "ForkJoinPool.commonPool-worker-18" daemon [_thread_blocked, id=21392, stack(0x0000002635400000,0x0000002635500000) (1024K)]
  0x000001cf8f1df4a0 JavaThread "ForkJoinPool.commonPool-worker-20" daemon [_thread_blocked, id=20864, stack(0x0000002636500000,0x0000002636600000) (1024K)]
  0x000001cf8f1e1c00 JavaThread "ForkJoinPool.commonPool-worker-19" daemon [_thread_blocked, id=43896, stack(0x0000002636600000,0x0000002636700000) (1024K)]
  0x000001cf8f1e01c0 JavaThread "ForkJoinPool.commonPool-worker-21" daemon [_thread_blocked, id=8100, stack(0x0000002636700000,0x0000002636800000) (1024K)]
  0x000001cf8ea0a410 JavaThread "ForkJoinPool.commonPool-worker-22" daemon [_thread_blocked, id=5024, stack(0x0000002636800000,0x0000002636900000) (1024K)]
  0x000001cf8ea0b7c0 JavaThread "Cleaner-0"                  daemon [_thread_blocked, id=47688, stack(0x0000002636900000,0x0000002636a00000) (1024K)]
  0x000001cf8c44fe10 JavaThread "C2 CompilerThread1"         daemon [_thread_in_native, id=27496, stack(0x0000002632a00000,0x0000002632b00000) (1024K)]
=>0x000001cf8c355300 JavaThread "C2 CompilerThread2"         daemon [_thread_in_native, id=25760, stack(0x0000002632b00000,0x0000002632c00000) (1024K)]
Total: 50

Other Threads:
  0x000001cf2e16f8b0 VMThread "VM Thread"                           [id=10224, stack(0x0000002633000000,0x0000002633100000) (1024K)]
  0x000001cf2df5ca00 WatcherThread "VM Periodic Task Thread"        [id=58204, stack(0x0000002632f00000,0x0000002633000000) (1024K)]
  0x000001cf2e0eb840 WorkerThread "GC Thread#0"                     [id=12636, stack(0x0000002632e00000,0x0000002632f00000) (1024K)]
  0x000001cf8c592450 WorkerThread "GC Thread#1"                     [id=7472, stack(0x0000002633d00000,0x0000002633e00000) (1024K)]
  0x000001cf8c7f5660 WorkerThread "GC Thread#2"                     [id=12736, stack(0x0000002633e00000,0x0000002633f00000) (1024K)]
  0x000001cf8c7f5a00 WorkerThread "GC Thread#3"                     [id=17772, stack(0x0000002633f00000,0x0000002634000000) (1024K)]
  0x000001cf8c7f5da0 WorkerThread "GC Thread#4"                     [id=18632, stack(0x0000002634000000,0x0000002634100000) (1024K)]
  0x000001cf8c007100 WorkerThread "GC Thread#5"                     [id=18116, stack(0x0000002634100000,0x0000002634200000) (1024K)]
  0x000001cf8c0074a0 WorkerThread "GC Thread#6"                     [id=12884, stack(0x0000002634200000,0x0000002634300000) (1024K)]
  0x000001cf8c9538c0 WorkerThread "GC Thread#7"                     [id=15480, stack(0x0000002634500000,0x0000002634600000) (1024K)]
  0x000001cf8ceb4bc0 WorkerThread "GC Thread#8"                     [id=30164, stack(0x0000002634800000,0x0000002634900000) (1024K)]
  0x000001cf8cbebb50 WorkerThread "GC Thread#9"                     [id=23352, stack(0x0000002634900000,0x0000002634a00000) (1024K)]
Total: 12

Threads with active compile tasks:
C2 CompilerThread0  1817424 14443       4       org.eclipse.jdt.internal.compiler.parser.Scanner::checkTaskTag (937 bytes)
C2 CompilerThread1  1817424 14438   !   4       org.eclipse.jdt.internal.compiler.classfmt.ClassFileReader::<init> (1968 bytes)
C2 CompilerThread2  1817424 14439       4       java.lang.reflect.AccessibleObject::checkAccess (40 bytes)
Total: 3

VM state: not at safepoint (normal execution)

VM Mutex/Monitor currently owned by a thread: None

Heap address: 0x0000000080000000, size: 2048 MB, Compressed Oops mode: 32-bit

CDS archive(s) mapped at: [0x000001cf45000000-0x000001cf45ba0000-0x000001cf45ba0000), size 12189696, SharedBaseAddress: 0x000001cf45000000, ArchiveRelocationMode: 1.
Compressed class space mapped at: 0x000001cf46000000-0x000001cf86000000, reserved size: 1073741824
Narrow klass base: 0x000001cf45000000, Narrow klass shift: 0, Narrow klass range: 0x100000000

GC Precious Log:
 CardTable entry size: 512
 CPUs: 12 total, 12 available
 Memory: 16009M
 Large Page Support: Disabled
 NUMA Support: Disabled
 Compressed Oops: Enabled (32-bit)
 Alignments: Space 512K, Generation 512K, Heap 2M
 Heap Min Capacity: 100M
 Heap Initial Capacity: 100M
 Heap Max Capacity: 2G
 Pre-touch: Disabled
 Parallel Workers: 10

Heap:
 PSYoungGen      total 9728K, used 4462K [0x00000000d5580000, 0x00000000d6000000, 0x0000000100000000)
  eden space 8704K, 43% used [0x00000000d5580000,0x00000000d5939298,0x00000000d5e00000)
  from space 1024K, 63% used [0x00000000d5f00000,0x00000000d5fa2910,0x00000000d6000000)
  to   space 1024K, 0% used [0x00000000d5e00000,0x00000000d5e00000,0x00000000d5f00000)
 ParOldGen       total 449536K, used 423932K [0x0000000080000000, 0x000000009b700000, 0x00000000d5580000)
  object space 449536K, 94% used [0x0000000080000000,0x0000000099dff260,0x000000009b700000)
 Metaspace       used 72738K, committed 74368K, reserved 1179648K
  class space    used 7624K, committed 8320K, reserved 1048576K

Card table byte_map: [0x000001cf2da70000,0x000001cf2de80000] _byte_map_base: 0x000001cf2d670000

Marking Bits: (ParMarkBitMap*) 0x00007ffec026a340
 Begin Bits: [0x000001cf40570000, 0x000001cf42570000)
 End Bits:   [0x000001cf42570000, 0x000001cf44570000)

Polling page: 0x000001cf2bc90000

Metaspace:

Usage:
  Non-class:     63.59 MB used.
      Class:      7.45 MB used.
       Both:     71.03 MB used.

Virtual space:
  Non-class space:      128.00 MB reserved,      64.50 MB ( 50%) committed,  2 nodes.
      Class space:        1.00 GB reserved,       8.12 MB ( <1%) committed,  1 nodes.
             Both:        1.12 GB reserved,      72.62 MB (  6%) committed. 

Chunk freelists:
   Non-Class:  15.42 MB
       Class:  7.88 MB
        Both:  23.30 MB

MaxMetaspaceSize: unlimited
CompressedClassSpaceSize: 1.00 GB
Initial GC threshold: 21.00 MB
Current GC threshold: 97.31 MB
CDS: on
 - commit_granule_bytes: 65536.
 - commit_granule_words: 8192.
 - virtual_space_node_default_size: 8388608.
 - enlarge_chunks_in_place: 1.
 - use_allocation_guard: 0.


Internal statistics:

num_allocs_failed_limit: 9.
num_arena_births: 1468.
num_arena_deaths: 22.
num_vsnodes_births: 3.
num_vsnodes_deaths: 0.
num_space_committed: 1162.
num_space_uncommitted: 0.
num_chunks_returned_to_freelist: 35.
num_chunks_taken_from_freelist: 4910.
num_chunk_merges: 19.
num_chunk_splits: 3046.
num_chunks_enlarged: 1760.
num_inconsistent_stats: 0.

CodeHeap 'non-profiled nmethods': size=120000Kb used=10820Kb max_used=10820Kb free=109179Kb
 bounds [0x000001cf38d90000, 0x000001cf39830000, 0x000001cf402c0000]
CodeHeap 'profiled nmethods': size=120000Kb used=30281Kb max_used=30281Kb free=89718Kb
 bounds [0x000001cf312c0000, 0x000001cf33060000, 0x000001cf387f0000]
CodeHeap 'non-nmethods': size=5760Kb used=1477Kb max_used=1550Kb free=4282Kb
 bounds [0x000001cf387f0000, 0x000001cf38a60000, 0x000001cf38d90000]
CodeCache: size=245760Kb, used=42578Kb, max_used=42651Kb, free=203179Kb
 total_blobs=14493, nmethods=13692, adapters=704, full_count=0
Compilation: enabled, stopped_count=0, restarted_count=0

Compilation events (20 events):
Event: 1808.770 Thread 0x000001cf86e0d590 14464       3       org.eclipse.jdt.internal.compiler.util.HashtableOfModule::put (113 bytes)
Event: 1809.801 Thread 0x000001cf86e0d590 nmethod 14464 0x000001cf3304f090 code [0x000001cf3304f2c0, 0x000001cf3304fbb8]
Event: 1809.801 Thread 0x000001cf86e0d590 14469       3       org.eclipse.jdt.internal.core.util.HashtableOfArrayToObject::getIndex (64 bytes)
Event: 1809.801 Thread 0x000001cf8c355300 nmethod 14456 0x000001cf3981a390 code [0x000001cf3981a520, 0x000001cf3981a8d0]
Event: 1809.801 Thread 0x000001cf8c355300 14439       4       java.lang.reflect.AccessibleObject::checkAccess (40 bytes)
Event: 1809.801 Thread 0x000001cf86e0d590 nmethod 14469 0x000001cf3304ff90 code [0x000001cf33050180, 0x000001cf33050578]
Event: 1809.801 Thread 0x000001cf86e0d590 14468       3       java.util.stream.Stream::of (5 bytes)
Event: 1809.801 Thread 0x000001cf86e0d590 nmethod 14468 0x000001cf33050790 code [0x000001cf33050960, 0x000001cf33050bf0]
Event: 1809.801 Thread 0x000001cf86e0d590 14471       3       org.eclipse.jdt.internal.compiler.lookup.MethodBinding::isSynthetic (15 bytes)
Event: 1809.802 Thread 0x000001cf86e0d590 nmethod 14471 0x000001cf33050d90 code [0x000001cf33050f40, 0x000001cf330510b8]
Event: 1809.802 Thread 0x000001cf86e0d590 14462       3       org.eclipse.jdt.internal.compiler.lookup.ModuleBinding::lambda$11 (13 bytes)
Event: 1809.802 Thread 0x000001cf86e0d590 nmethod 14462 0x000001cf33051190 code [0x000001cf33051320, 0x000001cf33051468]
Event: 1809.802 Thread 0x000001cf86e0d590 14463       3       org.eclipse.jdt.internal.compiler.lookup.ModuleBinding$$Lambda/0x000001cf46742880::test (8 bytes)
Event: 1809.802 Thread 0x000001cf86e0d590 nmethod 14463 0x000001cf33051510 code [0x000001cf330516c0, 0x000001cf33051980]
Event: 1809.802 Thread 0x000001cf86e0d590 14467       3       org.eclipse.jdt.internal.compiler.lookup.PlainPackageBinding::<init> (16 bytes)
Event: 1810.811 Thread 0x000001cf86e0d590 nmethod 14467 0x000001cf33051a90 code [0x000001cf33051c40, 0x000001cf33051f78]
Event: 1810.816 Thread 0x000001cf86e0d590 14472       3       org.eclipse.core.internal.runtime.Log::isLoggable (32 bytes)
Event: 1811.824 Thread 0x000001cf86e0d590 nmethod 14472 0x000001cf33052090 code [0x000001cf33052280, 0x000001cf33052618]
Event: 1814.861 Thread 0x000001cf86e041a0 nmethod 14437 0x000001cf3981aa90 code [0x000001cf3981adc0, 0x000001cf3981bc98]
Event: 1814.861 Thread 0x000001cf86e041a0 14440       4       java.lang.reflect.AccessibleObject::verifyAccess (55 bytes)

GC Heap History (20 events):
Event: 1675.076 GC heap before
{Heap before GC invocations=408 (full 3):
 PSYoungGen      total 12288K, used 11263K [0x00000000d5580000, 0x00000000d6380000, 0x0000000100000000)
  eden space 11264K, 92% used [0x00000000d5580000,0x00000000d5fabd18,0x00000000d6080000)
  from space 1024K, 82% used [0x00000000d6280000,0x00000000d6354008,0x00000000d6380000)
  to   space 1536K, 0% used [0x00000000d6080000,0x00000000d6080000,0x00000000d6200000)
 ParOldGen       total 449536K, used 417666K [0x0000000080000000, 0x000000009b700000, 0x00000000d5580000)
  object space 449536K, 92% used [0x0000000080000000,0x00000000997e0878,0x000000009b700000)
 Metaspace       used 68838K, committed 70464K, reserved 1114112K
  class space    used 7201K, committed 7936K, reserved 1048576K
}
Event: 1675.078 GC heap after
{Heap after GC invocations=408 (full 3):
 PSYoungGen      total 12800K, used 1037K [0x00000000d5580000, 0x00000000d6380000, 0x0000000100000000)
  eden space 11264K, 0% used [0x00000000d5580000,0x00000000d5580000,0x00000000d6080000)
  from space 1536K, 67% used [0x00000000d6080000,0x00000000d6183730,0x00000000d6200000)
  to   space 1536K, 0% used [0x00000000d6200000,0x00000000d6200000,0x00000000d6380000)
 ParOldGen       total 449536K, used 418267K [0x0000000080000000, 0x000000009b700000, 0x00000000d5580000)
  object space 449536K, 93% used [0x0000000080000000,0x0000000099876db8,0x000000009b700000)
 Metaspace       used 68838K, committed 70464K, reserved 1114112K
  class space    used 7201K, committed 7936K, reserved 1048576K
}
Event: 1675.167 GC heap before
{Heap before GC invocations=409 (full 3):
 PSYoungGen      total 12800K, used 12301K [0x00000000d5580000, 0x00000000d6380000, 0x0000000100000000)
  eden space 11264K, 100% used [0x00000000d5580000,0x00000000d6080000,0x00000000d6080000)
  from space 1536K, 67% used [0x00000000d6080000,0x00000000d6183730,0x00000000d6200000)
  to   space 1536K, 0% used [0x00000000d6200000,0x00000000d6200000,0x00000000d6380000)
 ParOldGen       total 449536K, used 418267K [0x0000000080000000, 0x000000009b700000, 0x00000000d5580000)
  object space 449536K, 93% used [0x0000000080000000,0x0000000099876db8,0x000000009b700000)
 Metaspace       used 69134K, committed 70720K, reserved 1114112K
  class space    used 7243K, committed 7936K, reserved 1048576K
}
Event: 1675.169 GC heap after
{Heap after GC invocations=409 (full 3):
 PSYoungGen      total 11264K, used 1506K [0x00000000d5580000, 0x00000000d6680000, 0x0000000100000000)
  eden space 9728K, 0% used [0x00000000d5580000,0x00000000d5580000,0x00000000d5f00000)
  from space 1536K, 98% used [0x00000000d6200000,0x00000000d6378978,0x00000000d6380000)
  to   space 3072K, 0% used [0x00000000d5f00000,0x00000000d5f00000,0x00000000d6200000)
 ParOldGen       total 449536K, used 419252K [0x0000000080000000, 0x000000009b700000, 0x00000000d5580000)
  object space 449536K, 93% used [0x0000000080000000,0x000000009996d298,0x000000009b700000)
 Metaspace       used 69134K, committed 70720K, reserved 1114112K
  class space    used 7243K, committed 7936K, reserved 1048576K
}
Event: 1675.320 GC heap before
{Heap before GC invocations=410 (full 3):
 PSYoungGen      total 11264K, used 11220K [0x00000000d5580000, 0x00000000d6680000, 0x0000000100000000)
  eden space 9728K, 99% used [0x00000000d5580000,0x00000000d5efc9d0,0x00000000d5f00000)
  from space 1536K, 98% used [0x00000000d6200000,0x00000000d6378978,0x00000000d6380000)
  to   space 3072K, 0% used [0x00000000d5f00000,0x00000000d5f00000,0x00000000d6200000)
 ParOldGen       total 449536K, used 419252K [0x0000000080000000, 0x000000009b700000, 0x00000000d5580000)
  object space 449536K, 93% used [0x0000000080000000,0x000000009996d298,0x000000009b700000)
 Metaspace       used 70303K, committed 71936K, reserved 1114112K
  class space    used 7383K, committed 8128K, reserved 1048576K
}
Event: 1675.322 GC heap after
{Heap after GC invocations=410 (full 3):
 PSYoungGen      total 10752K, used 608K [0x00000000d5580000, 0x00000000d6280000, 0x0000000100000000)
  eden space 9728K, 0% used [0x00000000d5580000,0x00000000d5580000,0x00000000d5f00000)
  from space 1024K, 59% used [0x00000000d5f00000,0x00000000d5f98000,0x00000000d6000000)
  to   space 1536K, 0% used [0x00000000d6100000,0x00000000d6100000,0x00000000d6280000)
 ParOldGen       total 449536K, used 420760K [0x0000000080000000, 0x000000009b700000, 0x00000000d5580000)
  object space 449536K, 93% used [0x0000000080000000,0x0000000099ae6360,0x000000009b700000)
 Metaspace       used 70303K, committed 71936K, reserved 1114112K
  class space    used 7383K, committed 8128K, reserved 1048576K
}
Event: 1675.407 GC heap before
{Heap before GC invocations=411 (full 3):
 PSYoungGen      total 10752K, used 10336K [0x00000000d5580000, 0x00000000d6280000, 0x0000000100000000)
  eden space 9728K, 100% used [0x00000000d5580000,0x00000000d5f00000,0x00000000d5f00000)
  from space 1024K, 59% used [0x00000000d5f00000,0x00000000d5f98000,0x00000000d6000000)
  to   space 1536K, 0% used [0x00000000d6100000,0x00000000d6100000,0x00000000d6280000)
 ParOldGen       total 449536K, used 420760K [0x0000000080000000, 0x000000009b700000, 0x00000000d5580000)
  object space 449536K, 93% used [0x0000000080000000,0x0000000099ae6360,0x000000009b700000)
 Metaspace       used 70510K, committed 72128K, reserved 1114112K
  class space    used 7389K, committed 8128K, reserved 1048576K
}
Event: 1675.409 GC heap after
{Heap after GC invocations=411 (full 3):
 PSYoungGen      total 10752K, used 1530K [0x00000000d5580000, 0x00000000d6400000, 0x0000000100000000)
  eden space 9216K, 0% used [0x00000000d5580000,0x00000000d5580000,0x00000000d5e80000)
  from space 1536K, 99% used [0x00000000d6100000,0x00000000d627e8f8,0x00000000d6280000)
  to   space 2560K, 0% used [0x00000000d5e80000,0x00000000d5e80000,0x00000000d6100000)
 ParOldGen       total 449536K, used 421199K [0x0000000080000000, 0x000000009b700000, 0x00000000d5580000)
  object space 449536K, 93% used [0x0000000080000000,0x0000000099b53c78,0x000000009b700000)
 Metaspace       used 70510K, committed 72128K, reserved 1114112K
  class space    used 7389K, committed 8128K, reserved 1048576K
}
Event: 1675.520 GC heap before
{Heap before GC invocations=412 (full 3):
 PSYoungGen      total 10752K, used 10746K [0x00000000d5580000, 0x00000000d6400000, 0x0000000100000000)
  eden space 9216K, 100% used [0x00000000d5580000,0x00000000d5e80000,0x00000000d5e80000)
  from space 1536K, 99% used [0x00000000d6100000,0x00000000d627e8f8,0x00000000d6280000)
  to   space 2560K, 0% used [0x00000000d5e80000,0x00000000d5e80000,0x00000000d6100000)
 ParOldGen       total 449536K, used 421199K [0x0000000080000000, 0x000000009b700000, 0x00000000d5580000)
  object space 449536K, 93% used [0x0000000080000000,0x0000000099b53c78,0x000000009b700000)
 Metaspace       used 71345K, committed 72960K, reserved 1114112K
  class space    used 7450K, committed 8192K, reserved 1048576K
}
Event: 1675.523 GC heap after
{Heap after GC invocations=412 (full 3):
 PSYoungGen      total 10240K, used 828K [0x00000000d5580000, 0x00000000d6180000, 0x0000000100000000)
  eden space 9216K, 0% used [0x00000000d5580000,0x00000000d5580000,0x00000000d5e80000)
  from space 1024K, 80% used [0x00000000d5e80000,0x00000000d5f4f1d0,0x00000000d5f80000)
  to   space 1536K, 0% used [0x00000000d6000000,0x00000000d6000000,0x00000000d6180000)
 ParOldGen       total 449536K, used 422707K [0x0000000080000000, 0x000000009b700000, 0x00000000d5580000)
  object space 449536K, 94% used [0x0000000080000000,0x0000000099cccea0,0x000000009b700000)
 Metaspace       used 71345K, committed 72960K, reserved 1114112K
  class space    used 7450K, committed 8192K, reserved 1048576K
}
Event: 1675.580 GC heap before
{Heap before GC invocations=413 (full 3):
 PSYoungGen      total 10240K, used 10044K [0x00000000d5580000, 0x00000000d6180000, 0x0000000100000000)
  eden space 9216K, 100% used [0x00000000d5580000,0x00000000d5e80000,0x00000000d5e80000)
  from space 1024K, 80% used [0x00000000d5e80000,0x00000000d5f4f1d0,0x00000000d5f80000)
  to   space 1536K, 0% used [0x00000000d6000000,0x00000000d6000000,0x00000000d6180000)
 ParOldGen       total 449536K, used 422707K [0x0000000080000000, 0x000000009b700000, 0x00000000d5580000)
  object space 449536K, 94% used [0x0000000080000000,0x0000000099cccea0,0x000000009b700000)
 Metaspace       used 71520K, committed 73152K, reserved 1114112K
  class space    used 7477K, committed 8192K, reserved 1048576K
}
Event: 1675.583 GC heap after
{Heap after GC invocations=413 (full 3):
 PSYoungGen      total 10240K, used 1435K [0x00000000d5580000, 0x00000000d6280000, 0x0000000100000000)
  eden space 8704K, 0% used [0x00000000d5580000,0x00000000d5580000,0x00000000d5e00000)
  from space 1536K, 93% used [0x00000000d6000000,0x00000000d6166ca0,0x00000000d6180000)
  to   space 2048K, 0% used [0x00000000d5e00000,0x00000000d5e00000,0x00000000d6000000)
 ParOldGen       total 449536K, used 423340K [0x0000000080000000, 0x000000009b700000, 0x00000000d5580000)
  object space 449536K, 94% used [0x0000000080000000,0x0000000099d6b260,0x000000009b700000)
 Metaspace       used 71520K, committed 73152K, reserved 1114112K
  class space    used 7477K, committed 8192K, reserved 1048576K
}
Event: 1675.704 GC heap before
{Heap before GC invocations=414 (full 3):
 PSYoungGen      total 10240K, used 10139K [0x00000000d5580000, 0x00000000d6280000, 0x0000000100000000)
  eden space 8704K, 100% used [0x00000000d5580000,0x00000000d5e00000,0x00000000d5e00000)
  from space 1536K, 93% used [0x00000000d6000000,0x00000000d6166ca0,0x00000000d6180000)
  to   space 2048K, 0% used [0x00000000d5e00000,0x00000000d5e00000,0x00000000d6000000)
 ParOldGen       total 449536K, used 423340K [0x0000000080000000, 0x000000009b700000, 0x00000000d5580000)
  object space 449536K, 94% used [0x0000000080000000,0x0000000099d6b260,0x000000009b700000)
 Metaspace       used 72452K, committed 74048K, reserved 1179648K
  class space    used 7607K, committed 8320K, reserved 1048576K
}
Event: 1675.706 GC heap after
{Heap after GC invocations=414 (full 3):
 PSYoungGen      total 9728K, used 543K [0x00000000d5580000, 0x00000000d6080000, 0x0000000100000000)
  eden space 8704K, 0% used [0x00000000d5580000,0x00000000d5580000,0x00000000d5e00000)
  from space 1024K, 53% used [0x00000000d5e00000,0x00000000d5e87fd8,0x00000000d5f00000)
  to   space 1024K, 0% used [0x00000000d5f80000,0x00000000d5f80000,0x00000000d6080000)
 ParOldGen       total 449536K, used 423548K [0x0000000080000000, 0x000000009b700000, 0x00000000d5580000)
  object space 449536K, 94% used [0x0000000080000000,0x0000000099d9f260,0x000000009b700000)
 Metaspace       used 72452K, committed 74048K, reserved 1179648K
  class space    used 7607K, committed 8320K, reserved 1048576K
}
Event: 1675.747 GC heap before
{Heap before GC invocations=415 (full 3):
 PSYoungGen      total 9728K, used 9247K [0x00000000d5580000, 0x00000000d6080000, 0x0000000100000000)
  eden space 8704K, 100% used [0x00000000d5580000,0x00000000d5e00000,0x00000000d5e00000)
  from space 1024K, 53% used [0x00000000d5e00000,0x00000000d5e87fd8,0x00000000d5f00000)
  to   space 1024K, 0% used [0x00000000d5f80000,0x00000000d5f80000,0x00000000d6080000)
 ParOldGen       total 449536K, used 423548K [0x0000000080000000, 0x000000009b700000, 0x00000000d5580000)
  object space 449536K, 94% used [0x0000000080000000,0x0000000099d9f260,0x000000009b700000)
 Metaspace       used 72530K, committed 74176K, reserved 1179648K
  class space    used 7612K, committed 8320K, reserved 1048576K
}
Event: 1675.749 GC heap after
{Heap after GC invocations=415 (full 3):
 PSYoungGen      total 9728K, used 900K [0x00000000d5580000, 0x00000000d6080000, 0x0000000100000000)
  eden space 8704K, 0% used [0x00000000d5580000,0x00000000d5580000,0x00000000d5e00000)
  from space 1024K, 87% used [0x00000000d5f80000,0x00000000d60611e8,0x00000000d6080000)
  to   space 1024K, 0% used [0x00000000d5e00000,0x00000000d5e00000,0x00000000d5f00000)
 ParOldGen       total 449536K, used 423788K [0x0000000080000000, 0x000000009b700000, 0x00000000d5580000)
  object space 449536K, 94% used [0x0000000080000000,0x0000000099ddb260,0x000000009b700000)
 Metaspace       used 72530K, committed 74176K, reserved 1179648K
  class space    used 7612K, committed 8320K, reserved 1048576K
}
Event: 1675.804 GC heap before
{Heap before GC invocations=416 (full 3):
 PSYoungGen      total 9728K, used 9604K [0x00000000d5580000, 0x00000000d6080000, 0x0000000100000000)
  eden space 8704K, 100% used [0x00000000d5580000,0x00000000d5e00000,0x00000000d5e00000)
  from space 1024K, 87% used [0x00000000d5f80000,0x00000000d60611e8,0x00000000d6080000)
  to   space 1024K, 0% used [0x00000000d5e00000,0x00000000d5e00000,0x00000000d5f00000)
 ParOldGen       total 449536K, used 423788K [0x0000000080000000, 0x000000009b700000, 0x00000000d5580000)
  object space 449536K, 94% used [0x0000000080000000,0x0000000099ddb260,0x000000009b700000)
 Metaspace       used 72596K, committed 74240K, reserved 1179648K
  class space    used 7613K, committed 8320K, reserved 1048576K
}
Event: 1675.805 GC heap after
{Heap after GC invocations=416 (full 3):
 PSYoungGen      total 9728K, used 351K [0x00000000d5580000, 0x00000000d6000000, 0x0000000100000000)
  eden space 8704K, 0% used [0x00000000d5580000,0x00000000d5580000,0x00000000d5e00000)
  from space 1024K, 34% used [0x00000000d5e00000,0x00000000d5e57fd8,0x00000000d5f00000)
  to   space 1024K, 0% used [0x00000000d5f00000,0x00000000d5f00000,0x00000000d6000000)
 ParOldGen       total 449536K, used 423868K [0x0000000080000000, 0x000000009b700000, 0x00000000d5580000)
  object space 449536K, 94% used [0x0000000080000000,0x0000000099def260,0x000000009b700000)
 Metaspace       used 72596K, committed 74240K, reserved 1179648K
  class space    used 7613K, committed 8320K, reserved 1048576K
}
Event: 1808.759 GC heap before
{Heap before GC invocations=417 (full 3):
 PSYoungGen      total 9728K, used 9055K [0x00000000d5580000, 0x00000000d6000000, 0x0000000100000000)
  eden space 8704K, 100% used [0x00000000d5580000,0x00000000d5e00000,0x00000000d5e00000)
  from space 1024K, 34% used [0x00000000d5e00000,0x00000000d5e57fd8,0x00000000d5f00000)
  to   space 1024K, 0% used [0x00000000d5f00000,0x00000000d5f00000,0x00000000d6000000)
 ParOldGen       total 449536K, used 423868K [0x0000000080000000, 0x000000009b700000, 0x00000000d5580000)
  object space 449536K, 94% used [0x0000000080000000,0x0000000099def260,0x000000009b700000)
 Metaspace       used 72733K, committed 74368K, reserved 1179648K
  class space    used 7624K, committed 8320K, reserved 1048576K
}
Event: 1808.762 GC heap after
{Heap after GC invocations=417 (full 3):
 PSYoungGen      total 9728K, used 650K [0x00000000d5580000, 0x00000000d6000000, 0x0000000100000000)
  eden space 8704K, 0% used [0x00000000d5580000,0x00000000d5580000,0x00000000d5e00000)
  from space 1024K, 63% used [0x00000000d5f00000,0x00000000d5fa2910,0x00000000d6000000)
  to   space 1024K, 0% used [0x00000000d5e00000,0x00000000d5e00000,0x00000000d5f00000)
 ParOldGen       total 449536K, used 423932K [0x0000000080000000, 0x000000009b700000, 0x00000000d5580000)
  object space 449536K, 94% used [0x0000000080000000,0x0000000099dff260,0x000000009b700000)
 Metaspace       used 72733K, committed 74368K, reserved 1179648K
  class space    used 7624K, committed 8320K, reserved 1048576K
}

Dll operation events (10 events):
Event: 0.009 Loaded shared library c:\Users\works\.vscode\extensions\redhat.java-1.46.0-win32-x64\jre\21.0.8-win32-x86_64\bin\java.dll
Event: 0.066 Loaded shared library c:\Users\works\.vscode\extensions\redhat.java-1.46.0-win32-x64\jre\21.0.8-win32-x86_64\bin\zip.dll
Event: 0.079 Loaded shared library C:\Users\works\.vscode\extensions\redhat.java-1.46.0-win32-x64\jre\21.0.8-win32-x86_64\bin\instrument.dll
Event: 0.083 Loaded shared library C:\Users\works\.vscode\extensions\redhat.java-1.46.0-win32-x64\jre\21.0.8-win32-x86_64\bin\net.dll
Event: 0.085 Loaded shared library C:\Users\works\.vscode\extensions\redhat.java-1.46.0-win32-x64\jre\21.0.8-win32-x86_64\bin\nio.dll
Event: 0.093 Loaded shared library C:\Users\works\.vscode\extensions\redhat.java-1.46.0-win32-x64\jre\21.0.8-win32-x86_64\bin\zip.dll
Event: 0.114 Loaded shared library C:\Users\works\.vscode\extensions\redhat.java-1.46.0-win32-x64\jre\21.0.8-win32-x86_64\bin\jimage.dll
Event: 0.188 Loaded shared library c:\Users\works\.vscode\extensions\redhat.java-1.46.0-win32-x64\jre\21.0.8-win32-x86_64\bin\verify.dll
Event: 1.470 Loaded shared library C:\Users\works\AppData\Roaming\Code\User\globalStorage\redhat.java\1.46.0\config_win\org.eclipse.equinox.launcher\org.eclipse.equinox.launcher.win32.win32.x86_64_1.2.1400.v20250801-0854\eclipse_11916.dll
Event: 3.401 Loaded shared library C:\Users\works\AppData\Local\Temp\jna-113318786\jna16375585845126818311.dll

Deoptimization events (20 events):
Event: 1675.740 Thread 0x000001cf8f1e0ee0 Uncommon trap: trap_request=0xffffffcc fr.pc=0x000001cf397ad238 relative=0x0000000000001918
Event: 1675.740 Thread 0x000001cf8f1e0ee0 Uncommon trap: reason=intrinsic_or_type_checked_inlining action=make_not_entrant pc=0x000001cf397ad238 method=java.util.ArrayList$SubList.toArray([Ljava/lang/Object;)[Ljava/lang/Object; @ 58 c2
Event: 1675.740 Thread 0x000001cf8f1e0ee0 DEOPT PACKING pc=0x000001cf397ad238 sp=0x00000026352fd4e0
Event: 1675.740 Thread 0x000001cf8f1e0ee0 DEOPT UNPACKING pc=0x000001cf38843aa2 sp=0x00000026352fd408 mode 2
Event: 1675.743 Thread 0x000001cf8f1e0ee0 Uncommon trap: trap_request=0xffffff76 fr.pc=0x000001cf39762b1c relative=0x00000000000009dc
Event: 1675.743 Thread 0x000001cf8f1e0ee0 Uncommon trap: reason=predicate action=maybe_recompile pc=0x000001cf39762b1c method=org.eclipse.jdt.internal.compiler.parser.Scanner.checkTaskTag(II)V @ 203 c2
Event: 1675.743 Thread 0x000001cf8f1e0ee0 DEOPT PACKING pc=0x000001cf39762b1c sp=0x00000026352fd610
Event: 1675.743 Thread 0x000001cf8f1e0ee0 DEOPT UNPACKING pc=0x000001cf38843aa2 sp=0x00000026352fd5c0 mode 2
Event: 1675.782 Thread 0x000001cf8f1e0ee0 DEOPT PACKING pc=0x000001cf32d013d3 sp=0x00000026352fc9e0
Event: 1675.782 Thread 0x000001cf8f1e0ee0 DEOPT UNPACKING pc=0x000001cf38844242 sp=0x00000026352fbe80 mode 0
Event: 1675.799 Thread 0x000001cf8f1e0ee0 DEOPT PACKING pc=0x000001cf32ab37db sp=0x00000026352fdff0
Event: 1675.799 Thread 0x000001cf8f1e0ee0 DEOPT UNPACKING pc=0x000001cf38844242 sp=0x00000026352fd478 mode 0
Event: 1675.823 Thread 0x000001cf8f1e0ee0 Uncommon trap: trap_request=0xffffffde fr.pc=0x000001cf39230698 relative=0x0000000000000078
Event: 1675.823 Thread 0x000001cf8f1e0ee0 Uncommon trap: reason=class_check action=maybe_recompile pc=0x000001cf39230698 method=java.util.LinkedHashMap.afterNodeInsertion(Z)V @ 15 c2
Event: 1675.823 Thread 0x000001cf8f1e0ee0 DEOPT PACKING pc=0x000001cf39230698 sp=0x00000026352fe880
Event: 1675.823 Thread 0x000001cf8f1e0ee0 DEOPT UNPACKING pc=0x000001cf38843aa2 sp=0x00000026352fe7f8 mode 2
Event: 1808.753 Thread 0x000001cf8c8c8610 DEOPT PACKING pc=0x000001cf32b8e8b2 sp=0x0000002634efe1c0
Event: 1808.753 Thread 0x000001cf8c8c8610 DEOPT UNPACKING pc=0x000001cf38844242 sp=0x0000002634efd738 mode 0
Event: 1808.756 Thread 0x000001cf8c8c8610 DEOPT PACKING pc=0x000001cf32b81971 sp=0x0000002634efdbe0
Event: 1808.756 Thread 0x000001cf8c8c8610 DEOPT UNPACKING pc=0x000001cf38844242 sp=0x0000002634efd120 mode 0

Classes loaded (20 events):
Event: 1673.485 Loading class com/sun/crypto/provider/CipherBlockChaining
Event: 1673.485 Loading class com/sun/crypto/provider/CipherBlockChaining done
Event: 1673.486 Loading class javax/crypto/NullCipher
Event: 1673.486 Loading class javax/crypto/NullCipher done
Event: 1673.487 Loading class sun/security/util/ArrayUtil
Event: 1673.488 Loading class sun/security/util/ArrayUtil done
Event: 1673.570 Loading class java/util/zip/GZIPInputStream$1
Event: 1673.570 Loading class java/util/zip/GZIPInputStream$1 done
Event: 1673.792 Loading class java/lang/UnsupportedClassVersionError
Event: 1673.792 Loading class java/lang/UnsupportedClassVersionError done
Event: 1674.325 Loading class java/util/stream/ReduceOps$4
Event: 1674.326 Loading class java/util/stream/ReduceOps$4 done
Event: 1674.326 Loading class java/util/stream/ReduceOps$4ReducingSink
Event: 1674.326 Loading class java/util/stream/ReduceOps$4ReducingSink done
Event: 1675.015 Loading class java/util/concurrent/ConcurrentHashMap$TreeNode
Event: 1675.015 Loading class java/util/concurrent/ConcurrentHashMap$TreeNode done
Event: 1675.015 Loading class java/util/concurrent/ConcurrentHashMap$TreeBin
Event: 1675.016 Loading class java/util/concurrent/ConcurrentHashMap$TreeBin done
Event: 1675.306 Loading class jdk/internal/ref/CleanerImpl$InnocuousThreadFactory
Event: 1675.306 Loading class jdk/internal/ref/CleanerImpl$InnocuousThreadFactory done

Classes unloaded (11 events):
Event: 3.871 Thread 0x000001cf2e16f8b0 Unloading class 0x000001cf461a8c00 'java/lang/invoke/LambdaForm$MH+0x000001cf461a8c00'
Event: 3.871 Thread 0x000001cf2e16f8b0 Unloading class 0x000001cf461a8800 'java/lang/invoke/LambdaForm$MH+0x000001cf461a8800'
Event: 3.871 Thread 0x000001cf2e16f8b0 Unloading class 0x000001cf461a8400 'java/lang/invoke/LambdaForm$MH+0x000001cf461a8400'
Event: 3.871 Thread 0x000001cf2e16f8b0 Unloading class 0x000001cf461a8000 'java/lang/invoke/LambdaForm$MH+0x000001cf461a8000'
Event: 3.871 Thread 0x000001cf2e16f8b0 Unloading class 0x000001cf461a7c00 'java/lang/invoke/LambdaForm$BMH+0x000001cf461a7c00'
Event: 3.871 Thread 0x000001cf2e16f8b0 Unloading class 0x000001cf461a7800 'java/lang/invoke/LambdaForm$DMH+0x000001cf461a7800'
Event: 3.871 Thread 0x000001cf2e16f8b0 Unloading class 0x000001cf461a6400 'java/lang/invoke/LambdaForm$DMH+0x000001cf461a6400'
Event: 18.151 Thread 0x000001cf2e16f8b0 Unloading class 0x000001cf46609c00 'java/lang/invoke/LambdaForm$DMH+0x000001cf46609c00'
Event: 18.151 Thread 0x000001cf2e16f8b0 Unloading class 0x000001cf46609800 'java/lang/invoke/LambdaForm$DMH+0x000001cf46609800'
Event: 18.151 Thread 0x000001cf2e16f8b0 Unloading class 0x000001cf46609400 'java/lang/invoke/LambdaForm$DMH+0x000001cf46609400'
Event: 18.151 Thread 0x000001cf2e16f8b0 Unloading class 0x000001cf46608c00 'java/lang/invoke/LambdaForm$DMH+0x000001cf46608c00'

Classes redefined (0 events):
No events

Internal exceptions (20 events):
Event: 1673.575 Thread 0x000001cf8f1dc6b0 Exception <a 'java/lang/IncompatibleClassChangeError'{0x00000000d56fd260}: Found class java.lang.Object, but interface was expected> (0x00000000d56fd260) 
thrown [s\src\hotspot\share\interpreter\linkResolver.cpp, line 840]
Event: 1673.715 Thread 0x000001cf8c8c8610 Exception <a 'java/lang/NoSuchMethodError'{0x00000000d5a15c90}: 'java.lang.Object java.lang.invoke.DirectMethodHandle$Holder.invokeSpecial(java.lang.Object, java.lang.Object, int, long)'> (0x00000000d5a15c90) 
thrown [s\src\hotspot\share\interpreter\linkResolver.cpp, line 773]
Event: 1673.735 Thread 0x000001cf8f1dee10 Exception <a 'java/lang/NoSuchMethodError'{0x00000000d577a420}: 'java.lang.Object java.lang.invoke.DirectMethodHandle$Holder.invokeSpecial(java.lang.Object, java.lang.Object, java.lang.Object, java.lang.Object, int, java.lang.Object, java.lang.Object)'> (0x00000000d577a420) 
thrown [s\src\hotspot\share\interpreter\linkResolver.cpp, line 773]
Event: 1673.834 Thread 0x000001cf8f1e0850 Exception <a 'java/lang/NoSuchMethodError'{0x00000000d55f2e98}: 'int java.lang.invoke.Invokers$Holder.invokeExact_MT(java.lang.Object, java.lang.Object)'> (0x00000000d55f2e98) 
thrown [s\src\hotspot\share\interpreter\linkResolver.cpp, line 773]
Event: 1673.883 Thread 0x000001cf8f1e0850 Exception <a 'java/lang/IncompatibleClassChangeError'{0x00000000d578e900}: Found class java.lang.Object, but interface was expected> (0x00000000d578e900) 
thrown [s\src\hotspot\share\interpreter\linkResolver.cpp, line 840]
Event: 1674.057 Thread 0x000001cf8f1dc6b0 Exception <a 'java/lang/IncompatibleClassChangeError'{0x00000000d5aff740}: Found class java.lang.Object, but interface was expected> (0x00000000d5aff740) 
thrown [s\src\hotspot\share\interpreter\linkResolver.cpp, line 840]
Event: 1674.331 Thread 0x000001cf8f1e0850 Exception <a 'java/lang/NoSuchMethodError'{0x00000000d5eb94e0}: 'int java.lang.invoke.DirectMethodHandle$Holder.invokeSpecialIFC(java.lang.Object, java.lang.Object, java.lang.Object)'> (0x00000000d5eb94e0) 
thrown [s\src\hotspot\share\interpreter\linkResolver.cpp, line 773]
Event: 1674.373 Thread 0x000001cf8c8c99c0 Exception <a 'java/lang/LinkageError'{0x00000000d5b5eb90}: loader lombok.launch.ShadowClassLoader @1fd2dcb9 attempted duplicate class definition for lombok.launch.PatchFixesHider$Delegate. (lombok.launch.PatchFixesHider$Delegate is in unnamed module of loader lombok.launch.ShadowClassLoader @1fd2dcb9, parent loader org.eclipse.osgi.internal.loader.EquinoxClassLoader @6333d9d1)> (0x00000000d5b5eb90) 
thrown [s\src\hotspot\share\classfile\systemDictionary.cpp, line 1682]
Event: 1674.374 Thread 0x000001cf8f1e0850 Exception <a 'java/lang/LinkageError'{0x00000000d58f8c78}: loader lombok.launch.ShadowClassLoader @1fd2dcb9 attempted duplicate class definition for lombok.launch.PatchFixesHider$Delegate. (lombok.launch.PatchFixesHider$Delegate is in unnamed module of loader lombok.launch.ShadowClassLoader @1fd2dcb9, parent loader org.eclipse.osgi.internal.loader.EquinoxClassLoader @6333d9d1)> (0x00000000d58f8c78) 
thrown [s\src\hotspot\share\classfile\systemDictionary.cpp, line 1682]
Event: 1674.476 Thread 0x000001cf8f1dee10 Exception <a 'java/lang/LinkageError'{0x00000000d5981198}: loader lombok.launch.ShadowClassLoader @cff005e attempted duplicate class definition for lombok.launch.PatchFixesHider$PatchFixes. (lombok.launch.PatchFixesHider$PatchFixes is in unnamed module of loader lombok.launch.ShadowClassLoader @cff005e, parent loader org.eclipse.osgi.internal.loader.EquinoxClassLoader @794d45b4)> (0x00000000d5981198) 
thrown [s\src\hotspot\share\classfile\systemDictionary.cpp, line 1682]
Event: 1674.654 Thread 0x000001cf8f1e0850 Exception <a 'java/lang/LinkageError'{0x00000000d5a1ec38}: loader lombok.launch.ShadowClassLoader @1fd2dcb9 attempted duplicate class definition for lombok.launch.PatchFixesHider$Val. (lombok.launch.PatchFixesHider$Val is in unnamed module of loader lombok.launch.ShadowClassLoader @1fd2dcb9, parent loader org.eclipse.osgi.internal.loader.EquinoxClassLoader @6333d9d1)> (0x00000000d5a1ec38) 
thrown [s\src\hotspot\share\classfile\systemDictionary.cpp, line 1682]
Event: 1674.654 Thread 0x000001cf8c8c99c0 Exception <a 'java/lang/LinkageError'{0x00000000d5a76260}: loader lombok.launch.ShadowClassLoader @1fd2dcb9 attempted duplicate class definition for lombok.launch.PatchFixesHider$Val. (lombok.launch.PatchFixesHider$Val is in unnamed module of loader lombok.launch.ShadowClassLoader @1fd2dcb9, parent loader org.eclipse.osgi.internal.loader.EquinoxClassLoader @6333d9d1)> (0x00000000d5a76260) 
thrown [s\src\hotspot\share\classfile\systemDictionary.cpp, line 1682]
Event: 1674.665 Thread 0x000001cf8f1e0850 Exception <a 'java/lang/LinkageError'{0x00000000d5adb6b8}: loader lombok.launch.ShadowClassLoader @1fd2dcb9 attempted duplicate class definition for lombok.launch.PatchFixesHider$ExtensionMethod. (lombok.launch.PatchFixesHider$ExtensionMethod is in unnamed module of loader lombok.launch.ShadowClassLoader @1fd2dcb9, parent loader org.eclipse.osgi.internal.loader.EquinoxClassLoader @6333d9d1)> (0x00000000d5adb6b8) 
thrown [s\src\hotspot\share\classfile\systemDictionary.cpp, line 1682]
Event: 1674.666 Thread 0x000001cf8f1dee10 Exception <a 'java/lang/LinkageError'{0x00000000d5af1dc0}: loader lombok.launch.ShadowClassLoader @1fd2dcb9 attempted duplicate class definition for lombok.launch.PatchFixesHider$ExtensionMethod. (lombok.launch.PatchFixesHider$ExtensionMethod is in unnamed module of loader lombok.launch.ShadowClassLoader @1fd2dcb9, parent loader org.eclipse.osgi.internal.loader.EquinoxClassLoader @6333d9d1)> (0x00000000d5af1dc0) 
thrown [s\src\hotspot\share\classfile\systemDictionary.cpp, line 1682]
Event: 1674.705 Thread 0x000001cf8f1e0850 Implicit null exception at 0x000001cf3900504b to 0x000001cf390051b8
Event: 1675.027 Thread 0x000001cf8f1e0ee0 Implicit null exception at 0x000001cf39158f5a to 0x000001cf39158fb3
Event: 1675.046 Thread 0x000001cf8f1e0ee0 Implicit null exception at 0x000001cf396c35f3 to 0x000001cf396c5198
Event: 1675.046 Thread 0x000001cf8f1e0ee0 Implicit null exception at 0x000001cf3971666f to 0x000001cf3971676c
Event: 1675.632 Thread 0x000001cf8f1dfb30 Exception <a 'java/lang/NoSuchMethodError'{0x00000000d58df368}: 'void java.lang.invoke.DirectMethodHandle$Holder.invokeSpecial(java.lang.Object, java.lang.Object, int)'> (0x00000000d58df368) 
thrown [s\src\hotspot\share\interpreter\linkResolver.cpp, line 773]
Event: 1675.715 Thread 0x000001cf8f1dfb30 Exception <a 'java/lang/NoSuchMethodError'{0x00000000d577c568}: 'int java.lang.invoke.DirectMethodHandle$Holder.invokeVirtual(java.lang.Object, java.lang.Object, java.lang.Object, int)'> (0x00000000d577c568) 
thrown [s\src\hotspot\share\interpreter\linkResolver.cpp, line 773]

ZGC Phase Switch (0 events):
No events

VM Operations (20 events):
Event: 1675.613 Executing VM operation: HandshakeAllThreads (Deoptimize)
Event: 1675.613 Executing VM operation: HandshakeAllThreads (Deoptimize) done
Event: 1675.704 Executing VM operation: ParallelGCFailedAllocation (Allocation Failure)
Event: 1675.706 Executing VM operation: ParallelGCFailedAllocation (Allocation Failure) done
Event: 1675.747 Executing VM operation: ParallelGCFailedAllocation (Allocation Failure)
Event: 1675.749 Executing VM operation: ParallelGCFailedAllocation (Allocation Failure) done
Event: 1675.804 Executing VM operation: ParallelGCFailedAllocation (Allocation Failure)
Event: 1675.805 Executing VM operation: ParallelGCFailedAllocation (Allocation Failure) done
Event: 1676.810 Executing VM operation: Cleanup
Event: 1676.810 Executing VM operation: Cleanup done
Event: 1683.564 Executing VM operation: HandshakeAllThreads (HandshakeForDeflation)
Event: 1683.564 Executing VM operation: HandshakeAllThreads (HandshakeForDeflation) done
Event: 1683.564 Executing VM operation: RendezvousGCThreads
Event: 1683.564 Executing VM operation: RendezvousGCThreads done
Event: 1808.520 Executing VM operation: Cleanup
Event: 1808.520 Executing VM operation: Cleanup done
Event: 1808.759 Executing VM operation: ParallelGCFailedAllocation (Allocation Failure)
Event: 1808.762 Executing VM operation: ParallelGCFailedAllocation (Allocation Failure) done
Event: 1809.770 Executing VM operation: Cleanup
Event: 1809.801 Executing VM operation: Cleanup done

Memory protections (0 events):
No events

Nmethod flushes (20 events):
Event: 18.177 Thread 0x000001cf2e16f8b0 flushing osr nmethod 0x000001cf31af1f90
Event: 18.177 Thread 0x000001cf2e16f8b0 flushing  nmethod 0x000001cf31b08310
Event: 18.177 Thread 0x000001cf2e16f8b0 flushing  nmethod 0x000001cf31b09990
Event: 18.177 Thread 0x000001cf2e16f8b0 flushing  nmethod 0x000001cf31b12010
Event: 18.177 Thread 0x000001cf2e16f8b0 flushing  nmethod 0x000001cf31b15510
Event: 18.177 Thread 0x000001cf2e16f8b0 flushing  nmethod 0x000001cf31b15e90
Event: 18.177 Thread 0x000001cf2e16f8b0 flushing  nmethod 0x000001cf31b16f10
Event: 18.177 Thread 0x000001cf2e16f8b0 flushing  nmethod 0x000001cf31b2fc90
Event: 18.177 Thread 0x000001cf2e16f8b0 flushing  nmethod 0x000001cf31b30290
Event: 18.177 Thread 0x000001cf2e16f8b0 flushing  nmethod 0x000001cf31b30b10
Event: 18.177 Thread 0x000001cf2e16f8b0 flushing  nmethod 0x000001cf31b30e90
Event: 18.177 Thread 0x000001cf2e16f8b0 flushing  nmethod 0x000001cf31b33c90
Event: 18.177 Thread 0x000001cf2e16f8b0 flushing  nmethod 0x000001cf31b46110
Event: 18.177 Thread 0x000001cf2e16f8b0 flushing  nmethod 0x000001cf31b52610
Event: 18.177 Thread 0x000001cf2e16f8b0 flushing  nmethod 0x000001cf31b53f10
Event: 18.177 Thread 0x000001cf2e16f8b0 flushing  nmethod 0x000001cf31b5c690
Event: 18.177 Thread 0x000001cf2e16f8b0 flushing osr nmethod 0x000001cf31b6d790
Event: 18.177 Thread 0x000001cf2e16f8b0 flushing  nmethod 0x000001cf31b6f990
Event: 18.177 Thread 0x000001cf2e16f8b0 flushing  nmethod 0x000001cf31ba1710
Event: 18.177 Thread 0x000001cf2e16f8b0 flushing  nmethod 0x000001cf31bbb810

Events (20 events):
Event: 1673.310 Thread 0x000001cf8f1dc6b0 Thread added: 0x000001cf8f1db300
Event: 1673.313 Thread 0x000001cf8f1db300 Thread added: 0x000001cf8f1db990
Event: 1673.406 Thread 0x000001cf8f1dc6b0 Thread added: 0x000001cf8f1dee10
Event: 1673.409 Thread 0x000001cf8f1dc6b0 Thread added: 0x000001cf8f1e0850
Event: 1673.409 Thread 0x000001cf8f1dc6b0 Thread added: 0x000001cf8f1e0ee0
Event: 1673.410 Thread 0x000001cf8f1dc6b0 Thread added: 0x000001cf8f1dfb30
Event: 1673.410 Thread 0x000001cf8f1dfb30 Thread added: 0x000001cf8f1e1570
Event: 1673.421 Thread 0x000001cf8f1e0ee0 Thread added: 0x000001cf8f1e1c00
Event: 1673.784 Thread 0x000001cf8f1e1c00 Thread exited: 0x000001cf8f1e1c00
Event: 1674.751 Thread 0x000001cf8f1e1570 Thread added: 0x000001cf8f1df4a0
Event: 1674.751 Thread 0x000001cf8f1db990 Thread added: 0x000001cf8f1e1c00
Event: 1674.752 Thread 0x000001cf8f1dee10 Thread added: 0x000001cf8f1e01c0
Event: 1674.752 Thread 0x000001cf8f1df4a0 Thread added: 0x000001cf8ea0a410
Event: 1675.307 Thread 0x000001cf8f1dfb30 Thread added: 0x000001cf8ea0b7c0
Event: 1680.944 Thread 0x000001cf903a3810 Thread exited: 0x000001cf903a3810
Event: 1680.977 Thread 0x000001cf8c355300 Thread exited: 0x000001cf8c355300
Event: 1735.830 Thread 0x000001cf8f1e0ee0 Thread exited: 0x000001cf8f1e0ee0
Event: 1795.844 Thread 0x000001cf8f1dfb30 Thread exited: 0x000001cf8f1dfb30
Event: 1808.755 Thread 0x000001cf86e0d590 Thread added: 0x000001cf8c44fe10
Event: 1808.755 Thread 0x000001cf86e0d590 Thread added: 0x000001cf8c355300


Dynamic libraries:
0x00007ff7364e0000 - 0x00007ff7364ee000 	c:\Users\works\.vscode\extensions\redhat.java-1.46.0-win32-x64\jre\21.0.8-win32-x86_64\bin\java.exe
0x00007fff6b6e0000 - 0x00007fff6b949000 	C:\WINDOWS\SYSTEM32\ntdll.dll
0x00007fff69ca0000 - 0x00007fff69d69000 	C:\WINDOWS\System32\KERNEL32.DLL
0x00007fff68bf0000 - 0x00007fff68fe3000 	C:\WINDOWS\System32\KERNELBASE.dll
0x00007fff69360000 - 0x00007fff694ab000 	C:\WINDOWS\System32\ucrtbase.dll
0x00007fff50000000 - 0x00007fff5001e000 	c:\Users\works\.vscode\extensions\redhat.java-1.46.0-win32-x64\jre\21.0.8-win32-x86_64\bin\VCRUNTIME140.dll
0x00007fff4a080000 - 0x00007fff4a098000 	c:\Users\works\.vscode\extensions\redhat.java-1.46.0-win32-x64\jre\21.0.8-win32-x86_64\bin\jli.dll
0x00007fff69970000 - 0x00007fff69b34000 	C:\WINDOWS\System32\USER32.dll
0x00007fff68870000 - 0x00007fff68897000 	C:\WINDOWS\System32\win32u.dll
0x00007fff4ba20000 - 0x00007fff4bcb3000 	C:\WINDOWS\WinSxS\amd64_microsoft.windows.common-controls_6595b64144ccf1df_6.0.26100.5074_none_3e0d6f78e32fd63f\COMCTL32.dll
0x00007fff6a600000 - 0x00007fff6a62b000 	C:\WINDOWS\System32\GDI32.dll
0x00007fff696f0000 - 0x00007fff69799000 	C:\WINDOWS\System32\msvcrt.dll
0x00007fff68950000 - 0x00007fff68a7d000 	C:\WINDOWS\System32\gdi32full.dll
0x00007fff688a0000 - 0x00007fff68943000 	C:\WINDOWS\System32\msvcp_win.dll
0x00007fff698c0000 - 0x00007fff698ef000 	C:\WINDOWS\System32\IMM32.DLL
0x00007fff64fd0000 - 0x00007fff64fdc000 	c:\Users\works\.vscode\extensions\redhat.java-1.46.0-win32-x64\jre\21.0.8-win32-x86_64\bin\vcruntime140_1.dll
0x00007fff22950000 - 0x00007fff229dd000 	c:\Users\works\.vscode\extensions\redhat.java-1.46.0-win32-x64\jre\21.0.8-win32-x86_64\bin\msvcp140.dll
0x00007ffebf5b0000 - 0x00007ffec0347000 	c:\Users\works\.vscode\extensions\redhat.java-1.46.0-win32-x64\jre\21.0.8-win32-x86_64\bin\server\jvm.dll
0x00007fff6aca0000 - 0x00007fff6ad54000 	C:\WINDOWS\System32\ADVAPI32.dll
0x00007fff6ad60000 - 0x00007fff6ae06000 	C:\WINDOWS\System32\sechost.dll
0x00007fff6b560000 - 0x00007fff6b678000 	C:\WINDOWS\System32\RPCRT4.dll
0x00007fff69670000 - 0x00007fff696e4000 	C:\WINDOWS\System32\WS2_32.dll
0x00007fff686f0000 - 0x00007fff6874e000 	C:\WINDOWS\SYSTEM32\POWRPROF.dll
0x00007fff4e1d0000 - 0x00007fff4e1db000 	C:\WINDOWS\SYSTEM32\VERSION.dll
0x00007fff5ea60000 - 0x00007fff5ea95000 	C:\WINDOWS\SYSTEM32\WINMM.dll
0x00007fff686d0000 - 0x00007fff686e4000 	C:\WINDOWS\SYSTEM32\UMPDC.dll
0x00007fff67610000 - 0x00007fff6762b000 	C:\WINDOWS\SYSTEM32\kernel.appcore.dll
0x00007fff50de0000 - 0x00007fff50dea000 	c:\Users\works\.vscode\extensions\redhat.java-1.46.0-win32-x64\jre\21.0.8-win32-x86_64\bin\jimage.dll
0x00007fff66140000 - 0x00007fff66382000 	C:\WINDOWS\SYSTEM32\DBGHELP.DLL
0x00007fff69d70000 - 0x00007fff6a0eb000 	C:\WINDOWS\System32\combase.dll
0x00007fff69590000 - 0x00007fff69667000 	C:\WINDOWS\System32\OLEAUT32.dll
0x00007fff46ef0000 - 0x00007fff46f2d000 	C:\WINDOWS\SYSTEM32\dbgcore.DLL
0x00007fff69080000 - 0x00007fff69119000 	C:\WINDOWS\System32\bcryptPrimitives.dll
0x00007fff50b60000 - 0x00007fff50b6f000 	c:\Users\works\.vscode\extensions\redhat.java-1.46.0-win32-x64\jre\21.0.8-win32-x86_64\bin\instrument.dll
0x00007fff37d60000 - 0x00007fff37d7f000 	c:\Users\works\.vscode\extensions\redhat.java-1.46.0-win32-x64\jre\21.0.8-win32-x86_64\bin\java.dll
0x00007fff6ae10000 - 0x00007fff6b55d000 	C:\WINDOWS\System32\SHELL32.dll
0x00007fff68a80000 - 0x00007fff68bec000 	C:\WINDOWS\System32\wintypes.dll
0x00007fff66490000 - 0x00007fff66ce9000 	C:\WINDOWS\SYSTEM32\windows.storage.dll
0x00007fff6a0f0000 - 0x00007fff6a1e0000 	C:\WINDOWS\System32\SHCORE.dll
0x00007fff69900000 - 0x00007fff69962000 	C:\WINDOWS\System32\shlwapi.dll
0x00007fff68790000 - 0x00007fff687b9000 	C:\WINDOWS\SYSTEM32\profapi.dll
0x00007fff372e0000 - 0x00007fff372f8000 	c:\Users\works\.vscode\extensions\redhat.java-1.46.0-win32-x64\jre\21.0.8-win32-x86_64\bin\zip.dll
0x00007fff50900000 - 0x00007fff50910000 	C:\Users\works\.vscode\extensions\redhat.java-1.46.0-win32-x64\jre\21.0.8-win32-x86_64\bin\net.dll
0x00007fff56630000 - 0x00007fff5674f000 	C:\WINDOWS\SYSTEM32\WINHTTP.dll
0x00007fff67b80000 - 0x00007fff67beb000 	C:\WINDOWS\system32\mswsock.dll
0x00007fff35ac0000 - 0x00007fff35ad6000 	C:\Users\works\.vscode\extensions\redhat.java-1.46.0-win32-x64\jre\21.0.8-win32-x86_64\bin\nio.dll
0x00007fff340e0000 - 0x00007fff340f0000 	c:\Users\works\.vscode\extensions\redhat.java-1.46.0-win32-x64\jre\21.0.8-win32-x86_64\bin\verify.dll
0x00007fff230f0000 - 0x00007fff23134000 	C:\Users\works\AppData\Roaming\Code\User\globalStorage\redhat.java\1.46.0\config_win\org.eclipse.equinox.launcher\org.eclipse.equinox.launcher.win32.win32.x86_64_1.2.1400.v20250801-0854\eclipse_11916.dll
0x00007fff6a460000 - 0x00007fff6a5f8000 	C:\WINDOWS\System32\ole32.dll
0x00007fff67e70000 - 0x00007fff67e8b000 	C:\WINDOWS\SYSTEM32\CRYPTSP.dll
0x00007fff67570000 - 0x00007fff675ab000 	C:\WINDOWS\system32\rsaenh.dll
0x00007fff67c20000 - 0x00007fff67c4b000 	C:\WINDOWS\SYSTEM32\USERENV.dll
0x00007fff68760000 - 0x00007fff68786000 	C:\WINDOWS\SYSTEM32\bcrypt.dll
0x00007fff67e90000 - 0x00007fff67e9c000 	C:\WINDOWS\SYSTEM32\CRYPTBASE.dll
0x00007fff67010000 - 0x00007fff67044000 	C:\WINDOWS\SYSTEM32\IPHLPAPI.DLL
0x00007fff6b680000 - 0x00007fff6b68a000 	C:\WINDOWS\System32\NSI.dll
0x00007fff222f0000 - 0x00007fff22339000 	C:\Users\works\AppData\Local\Temp\jna-113318786\jna16375585845126818311.dll
0x00007fff69b40000 - 0x00007fff69b48000 	C:\WINDOWS\System32\PSAPI.DLL
0x00007fff56e70000 - 0x00007fff56e8e000 	C:\WINDOWS\SYSTEM32\dhcpcsvc6.DLL
0x00007fff56d60000 - 0x00007fff56d83000 	C:\WINDOWS\SYSTEM32\dhcpcsvc.DLL

JVMTI agents:
c:\Users\works\.vscode\extensions\redhat.java-1.46.0-win32-x64\lombok\lombok-1.18.39-4050.jar path:c:\Users\works\.vscode\extensions\redhat.java-1.46.0-win32-x64\jre\21.0.8-win32-x86_64\bin\instrument.dll, loaded, initialized, instrumentlib options:none

dbghelp: loaded successfully - version: 4.0.5 - missing functions: none
symbol engine: initialized successfully - sym options: 0x614 - pdb path: .;c:\Users\works\.vscode\extensions\redhat.java-1.46.0-win32-x64\jre\21.0.8-win32-x86_64\bin;C:\WINDOWS\SYSTEM32;C:\WINDOWS\WinSxS\amd64_microsoft.windows.common-controls_6595b64144ccf1df_6.0.26100.5074_none_3e0d6f78e32fd63f;c:\Users\works\.vscode\extensions\redhat.java-1.46.0-win32-x64\jre\21.0.8-win32-x86_64\bin\server;C:\Users\works\AppData\Roaming\Code\User\globalStorage\redhat.java\1.46.0\config_win\org.eclipse.equinox.launcher\org.eclipse.equinox.launcher.win32.win32.x86_64_1.2.1400.v20250801-0854;C:\Users\works\AppData\Local\Temp\jna-113318786

VM Arguments:
jvm_args: --add-modules=ALL-SYSTEM --add-opens=java.base/java.util=ALL-UNNAMED --add-opens=java.base/java.lang=ALL-UNNAMED --add-opens=java.base/sun.nio.fs=ALL-UNNAMED -Declipse.application=org.eclipse.jdt.ls.core.id1 -Dosgi.bundles.defaultStartLevel=4 -Declipse.product=org.eclipse.jdt.ls.core.product -Djava.import.generatesMetadataFilesAtProjectRoot=false -DDetectVMInstallationsJob.disabled=true -Dfile.encoding=utf8 -XX:+UseParallelGC -XX:GCTimeRatio=4 -XX:AdaptiveSizePolicyWeight=90 -Dsun.zip.disableMemoryMapping=true -Xmx2G -Xms100m -Xlog:disable -javaagent:c:\Users\works\.vscode\extensions\redhat.java-1.46.0-win32-x64\lombok\lombok-1.18.39-4050.jar -XX:+HeapDumpOnOutOfMemoryError -XX:HeapDumpPath=c:\Users\works\AppData\Roaming\Code\User\workspaceStorage\42e64b8552997c8d90077eb3607cdf24\redhat.java -Daether.dependencyCollector.impl=bf 
java_command: c:\Users\works\.vscode\extensions\redhat.java-1.46.0-win32-x64\server\plugins\org.eclipse.equinox.launcher_1.7.0.v20250519-0528.jar -configuration c:\Users\works\AppData\Roaming\Code\User\globalStorage\redhat.java\1.46.0\config_win -data c:\Users\works\AppData\Roaming\Code\User\workspaceStorage\42e64b8552997c8d90077eb3607cdf24\redhat.java\jdt_ws --pipe=\\.\pipe\lsp-c525e01907a370b422fea317684c4f30-sock
java_class_path (initial): c:\Users\works\.vscode\extensions\redhat.java-1.46.0-win32-x64\server\plugins\org.eclipse.equinox.launcher_1.7.0.v20250519-0528.jar
Launcher Type: SUN_STANDARD

[Global flags]
    uintx AdaptiveSizePolicyWeight                 = 90                                        {product} {command line}
     intx CICompilerCount                          = 4                                         {product} {ergonomic}
    uintx GCTimeRatio                              = 4                                         {product} {command line}
     bool HeapDumpOnOutOfMemoryError               = true                                   {manageable} {command line}
    ccstr HeapDumpPath                             = c:\Users\works\AppData\Roaming\Code\User\workspaceStorage\42e64b8552997c8d90077eb3607cdf24\redhat.java         {manageable} {command line}
   size_t InitialHeapSize                          = 104857600                                 {product} {command line}
   size_t MaxHeapSize                              = 2147483648                                {product} {command line}
   size_t MaxNewSize                               = 715653120                                 {product} {ergonomic}
   size_t MinHeapDeltaBytes                        = 524288                                    {product} {ergonomic}
   size_t MinHeapSize                              = 104857600                                 {product} {command line}
   size_t NewSize                                  = 34603008                                  {product} {ergonomic}
    uintx NonNMethodCodeHeapSize                   = 5839372                                {pd product} {ergonomic}
    uintx NonProfiledCodeHeapSize                  = 122909434                              {pd product} {ergonomic}
   size_t OldSize                                  = 70254592                                  {product} {ergonomic}
    uintx ProfiledCodeHeapSize                     = 122909434                              {pd product} {ergonomic}
    uintx ReservedCodeCacheSize                    = 251658240                              {pd product} {ergonomic}
     bool SegmentedCodeCache                       = true                                      {product} {ergonomic}
   size_t SoftMaxHeapSize                          = 2147483648                             {manageable} {ergonomic}
     bool UseCompressedOops                        = true                           {product lp64_product} {ergonomic}
     bool UseLargePagesIndividualAllocation        = false                                  {pd product} {ergonomic}
     bool UseParallelGC                            = true                                      {product} {command line}

Logging:
Log output configuration:
 #0: stdout all=off uptime,level,tags foldmultilines=false
 #1: stderr all=off uptime,level,tags foldmultilines=false

Environment Variables:
PATH=D:\TT C NG DNG\VNware\bin\;C:\Program Files\Common Files\Oracle\Java\javapath;C:\WINDOWS\system32;C:\WINDOWS;C:\WINDOWS\System32\Wbem;C:\WINDOWS\System32\WindowsPowerShell\v1.0\;C:\WINDOWS\System32\OpenSSH\;D:\TAT_CA_UNG_DUNG\git\Git\cmd;C:\Program Files\Docker\Docker\resources\bin;D:\TAT_CA_UNG_DUNG\android-studio\Android\Sdk\build-tools\36.0.0;D:\TAT_CA_UNG_DUNG\android-studio\Android\Sdk\emulator;D:\gradle_cache\gradle-8.13\bin;D:\TAT_CA_UNG_DUNG\jdk-24_windows-x64_bin\jdk-24.0.1\bin;D:\TAT_CA_UNG_DUNG\Spring_boot\apache-maven-3.9.9\bin;D:\TAT_CA_UNG_DUNG\node;D:\TAT_CA_UNG_DUNG\node\;C:\Users\works\AppData\Local\Programs\Python\Python313\Scripts\;C:\Users\works\AppData\Local\Programs\Python\Python313\;C:\Users\works\AppData\Local\Microsoft\WindowsApps;D:\TAT_CA_UNG_DUNG\Microsoft VS Code\bin;D:\TAT_CA_UNG_DUNG\Cursor\cursor\resources\app\bin;D:\TAT_CA_UNG_DUNG\Dart_SDK_archive(android)\dart-sdk\bin;D:\TAT_CA_UNG_DUNG\Flutter_android\flutter\bin;D:\TAT_CA_UNG_DUNG\android-studio\Android\Sdk\platform-tools;D:\TAT_CA_UNG_DUNG\GitLab-Runner;D:\TAT_CA_UNG_DUNG\Windsurf\Windsurf\bin;C:\Users\works\AppData\Roaming\npm
USERNAME=works
OS=Windows_NT
PROCESSOR_IDENTIFIER=Intel64 Family 6 Model 186 Stepping 3, GenuineIntel
TMP=C:\Users\works\AppData\Local\Temp
TEMP=C:\Users\works\AppData\Local\Temp




Periodic native trim disabled

---------------  S Y S T E M  ---------------

OS:
 Windows 11 , 64 bit Build 26100 (10.0.26100.5074)
OS uptime: 1 days 22:44 hours
Hyper-V role detected

CPU: total 12 (initial active 12) (6 cores per cpu, 2 threads per core) family 6 model 186 stepping 3 microcode 0x410e, cx8, cmov, fxsr, ht, mmx, 3dnowpref, sse, sse2, sse3, ssse3, sse4.1, sse4.2, popcnt, lzcnt, tsc, tscinvbit, avx, avx2, aes, erms, clmul, bmi1, bmi2, adx, sha, fma, vzeroupper, clflush, clflushopt, clwb, hv, serialize, rdtscp, rdpid, fsrm, f16c, cet_ibt, cet_ss
Processor Information for processor 0
  Max Mhz: 1300, Current Mhz: 1300, Mhz Limit: 1300
Processor Information for processor 1
  Max Mhz: 1300, Current Mhz: 1300, Mhz Limit: 1300
Processor Information for processor 2
  Max Mhz: 1300, Current Mhz: 1300, Mhz Limit: 1300
Processor Information for processor 3
  Max Mhz: 1300, Current Mhz: 1300, Mhz Limit: 1300
Processor Information for processor 4
  Max Mhz: 1300, Current Mhz: 900, Mhz Limit: 897
Processor Information for processor 5
  Max Mhz: 1300, Current Mhz: 900, Mhz Limit: 897
Processor Information for processor 6
  Max Mhz: 1300, Current Mhz: 900, Mhz Limit: 897
Processor Information for processor 7
  Max Mhz: 1300, Current Mhz: 900, Mhz Limit: 897
Processor Information for processor 8
  Max Mhz: 1300, Current Mhz: 900, Mhz Limit: 897
Processor Information for processor 9
  Max Mhz: 1300, Current Mhz: 900, Mhz Limit: 897
Processor Information for processor 10
  Max Mhz: 1300, Current Mhz: 900, Mhz Limit: 897
Processor Information for processor 11
  Max Mhz: 1300, Current Mhz: 900, Mhz Limit: 897

Memory: 4k page, system-wide physical 16009M (1591M free)
TotalPageFile size 24201M (AvailPageFile size 289M)
current process WorkingSet (physical memory assigned to process): 351M, peak: 831M
current process commit charge ("private bytes"): 777M, peak: 824M

vm_info: OpenJDK 64-Bit Server VM (21.0.8+9-LTS) for windows-amd64 JRE (21.0.8+9-LTS), built on 2025-07-15T00:00:00Z by "admin" with MS VC++ 17.7 (VS2022)

END.
